{"logTime":"0530/162549","correlationVector":"6RkwVBGSioLk7oj1ySeZMh.2","action":"GetUpdates Response", "result":"SYNCER_OK"}
{"logTime":"0530/162903","correlationVector":"VaKECe2/nA6bRv1+ylqgSv","action":"Poll GetUpdate request", "result":""}
{"logTime":"0530/162903","correlationVector":"VaKECe2/nA6bRv1+ylqgSv.1","action":"SyncServerConnectionManagerRequest", "result":"SYNC_SERVER_OK", "context":{"environment":"48F630A6-CB1B-4CC7-86AF-0F6627234B58", "server":"AM3PEPF00000981"}}
{"logTime":"0530/162903","correlationVector":"VaKECe2/nA6bRv1+ylqgSv.2","action":"GetUpdates Response", "result":"SYNCER_OK"}
{"logTime":"0530/171023","correlationVector":"5rVrcyTEfiz2Nb4gvOpagH.0","action":"FeedSettingFetch_homeCloud", "result":"0", "context":{}}
{"logTime":"0530/171023","correlationVector":"MS81WEt7pNEdyhTQJ6IU4b.1","action":"SyncServerConnectionManagerRequest", "result":"SYNC_SERVER_OK", "context":{"environment":"48F630A6-CB1B-4CC7-86AF-0F6627234B58", "server":"AM3PEPF00000981"}}
{"logTime":"0530/171024","correlationVector":"RrkFrqGDKG/MJ2BwX1gY5V.1","action":"SyncServerConnectionManagerRequest", "result":"SYNC_SERVER_OK", "context":{"environment":"48F630A6-CB1B-4CC7-86AF-0F6627234B58", "server":"AM3PEPF00000981"}}
{"logTime":"0530/171024","correlationVector":"MS81WEt7pNEdyhTQJ6IU4b","action":"Initial GetUpdates", "result":""}
{"logTime":"0530/171024","correlationVector":"MS81WEt7pNEdyhTQJ6IU4b.2","action":"GetUpdates Response", "result":"SERVER_MORE_TO_DOWNLOAD"}
{"logTime":"0530/171024","correlationVector":"RrkFrqGDKG/MJ2BwX1gY5V","action":"Initial GetUpdates", "result":""}
{"logTime":"0530/171024","correlationVector":"RrkFrqGDKG/MJ2BwX1gY5V.2","action":"GetUpdates Response", "result":"SYNCER_OK"}
{"logTime":"0530/171024","correlationVector":"kedp9KDCnoVKu4Uyp0zG/x","action":"SyncServerConnectionManagerRequest", "result":"SYNC_SERVER_OK", "context":{"environment":"", "server":""}}
{"logTime":"0530/171024","correlationVector":"9amfF+8y4Q8EmHtNsODU8F","action":"Normal GetUpdate request", "result":""}
{"logTime":"0530/171024","correlationVector":"9amfF+8y4Q8EmHtNsODU8F.1","action":"SyncServerConnectionManagerRequest", "result":"SYNC_SERVER_OK", "context":{"environment":"48F630A6-CB1B-4CC7-86AF-0F6627234B58", "server":"AM3PEPF00000981"}}
{"logTime":"0530/171024","correlationVector":"9amfF+8y4Q8EmHtNsODU8F.2","action":"GetUpdates Response", "result":"SYNCER_OK"}
{"logTime":"0530/171024","correlationVector":"nKcVv77hTWX3x5IfZAHLML","action":"Normal GetUpdate request", "result":""}
{"logTime":"0530/171024","correlationVector":"nKcVv77hTWX3x5IfZAHLML.1","action":"SyncServerConnectionManagerRequest", "result":"SYNC_SERVER_OK", "context":{"environment":"48F630A6-CB1B-4CC7-86AF-0F6627234B58", "server":"AM3PEPF00000981"}}
{"logTime":"0530/171024","correlationVector":"nKcVv77hTWX3x5IfZAHLML.2","action":"GetUpdates Response", "result":"SYNCER_OK"}
{"logTime":"0530/171207","correlationVector":"LowefelsVCbkjTGeLbVsTW.0","action":"FeedSettingFetch_homeCloud", "result":"0", "context":{}}
{"logTime":"0530/171207","correlationVector":"1hyB7U5teGVoRbcq7Qd3rO.1","action":"SyncServerConnectionManagerRequest", "result":"SYNC_SERVER_OK", "context":{"environment":"48F630A6-CB1B-4CC7-86AF-0F6627234B58", "server":"AM3PEPF00000995"}}
{"logTime":"0530/171208","correlationVector":"UeuJUmytCyYLokN6PIyEoP.1","action":"SyncServerConnectionManagerRequest", "result":"SYNC_SERVER_OK", "context":{"environment":"48F630A6-CB1B-4CC7-86AF-0F6627234B58", "server":"AM3PEPF00000995"}}
{"logTime":"0530/171208","correlationVector":"1hyB7U5teGVoRbcq7Qd3rO","action":"Initial GetUpdates", "result":""}
{"logTime":"0530/171208","correlationVector":"1hyB7U5teGVoRbcq7Qd3rO.2","action":"GetUpdates Response", "result":"SERVER_MORE_TO_DOWNLOAD"}
{"logTime":"0530/171208","correlationVector":"UeuJUmytCyYLokN6PIyEoP","action":"Initial GetUpdates", "result":""}
{"logTime":"0530/171208","correlationVector":"UeuJUmytCyYLokN6PIyEoP.2","action":"GetUpdates Response", "result":"SYNCER_OK"}
{"logTime":"0530/171208","correlationVector":"31zojBXl13B1zItWBTXNYM","action":"SyncServerConnectionManagerRequest", "result":"SYNC_SERVER_OK", "context":{"environment":"", "server":""}}
{"logTime":"0530/171208","correlationVector":"gQE3zXu30r4FuwSCKT2Ipc","action":"Normal GetUpdate request", "result":""}
{"logTime":"0530/171208","correlationVector":"gQE3zXu30r4FuwSCKT2Ipc.1","action":"SyncServerConnectionManagerRequest", "result":"SYNC_SERVER_OK", "context":{"environment":"48F630A6-CB1B-4CC7-86AF-0F6627234B58", "server":"AM3PEPF00000995"}}
{"logTime":"0530/171208","correlationVector":"gQE3zXu30r4FuwSCKT2Ipc.2","action":"GetUpdates Response", "result":"SYNCER_OK"}
{"logTime":"0530/171208","correlationVector":"Meoz2Ix+dsh25lYyaAVT+j","action":"Normal GetUpdate request", "result":""}
{"logTime":"0530/171208","correlationVector":"Meoz2Ix+dsh25lYyaAVT+j.1","action":"SyncServerConnectionManagerRequest", "result":"SYNC_SERVER_OK", "context":{"environment":"48F630A6-CB1B-4CC7-86AF-0F6627234B58", "server":"AM3PEPF00000995"}}
{"logTime":"0530/171208","correlationVector":"Meoz2Ix+dsh25lYyaAVT+j.2","action":"GetUpdates Response", "result":"SYNCER_OK"}
{"logTime":"0530/171736","correlationVector":"tLkthevi+V5pz5i/1HsIc+.0","action":"FeedSettingFetch_homeCloud", "result":"0", "context":{}}
{"logTime":"0530/171736","correlationVector":"8PsTQQ+vhODPgciF0cxIhG.1","action":"SyncServerConnectionManagerRequest", "result":"SYNC_SERVER_OK", "context":{"environment":"48F630A6-CB1B-4CC7-86AF-0F6627234B58", "server":"AM3PEPF00000995"}}
{"logTime":"0530/171737","correlationVector":"rQA4aOWGanL8WRbyO/3IQN.1","action":"SyncServerConnectionManagerRequest", "result":"SYNC_SERVER_OK", "context":{"environment":"48F630A6-CB1B-4CC7-86AF-0F6627234B58", "server":"AM3PEPF00000995"}}
{"logTime":"0530/171737","correlationVector":"8PsTQQ+vhODPgciF0cxIhG","action":"Initial GetUpdates", "result":""}
{"logTime":"0530/171737","correlationVector":"8PsTQQ+vhODPgciF0cxIhG.2","action":"GetUpdates Response", "result":"SERVER_MORE_TO_DOWNLOAD"}
{"logTime":"0530/171737","correlationVector":"rQA4aOWGanL8WRbyO/3IQN","action":"Initial GetUpdates", "result":""}
{"logTime":"0530/171737","correlationVector":"rQA4aOWGanL8WRbyO/3IQN.2","action":"GetUpdates Response", "result":"SYNCER_OK"}
{"logTime":"0530/171737","correlationVector":"ux2vDBOLK/iS1vC2yG/MRn","action":"SyncServerConnectionManagerRequest", "result":"SYNC_SERVER_OK", "context":{"environment":"", "server":""}}
{"logTime":"0530/171737","correlationVector":"pRCvT4l++uoxy9rfAF7bVM","action":"Normal GetUpdate request", "result":""}
{"logTime":"0530/171737","correlationVector":"pRCvT4l++uoxy9rfAF7bVM.1","action":"SyncServerConnectionManagerRequest", "result":"SYNC_SERVER_OK", "context":{"environment":"48F630A6-CB1B-4CC7-86AF-0F6627234B58", "server":"AM3PEPF00000995"}}
{"logTime":"0530/171737","correlationVector":"pRCvT4l++uoxy9rfAF7bVM.2","action":"GetUpdates Response", "result":"SYNCER_OK"}
{"logTime":"0530/171737","correlationVector":"74bkP5yB4QR/Q8fQC2n4L8","action":"Normal GetUpdate request", "result":""}
{"logTime":"0530/171737","correlationVector":"74bkP5yB4QR/Q8fQC2n4L8.1","action":"SyncServerConnectionManagerRequest", "result":"SYNC_SERVER_OK", "context":{"environment":"48F630A6-CB1B-4CC7-86AF-0F6627234B58", "server":"AM3PEPF00000995"}}
{"logTime":"0530/171737","correlationVector":"74bkP5yB4QR/Q8fQC2n4L8.2","action":"GetUpdates Response", "result":"SYNCER_OK"}
{"logTime":"0530/171951","correlationVector":"n1dHgPczL9JHUoaBT5iL6F.0","action":"FeedSettingFetch_homeCloud", "result":"0", "context":{}}
{"logTime":"0530/171952","correlationVector":"Tz3im1a26VJe+FdqH/ltUz.1","action":"SyncServerConnectionManagerRequest", "result":"SYNC_SERVER_OK", "context":{"environment":"48F630A6-CB1B-4CC7-86AF-0F6627234B58", "server":"AM3PEPF00000995"}}
{"logTime":"0530/171952","correlationVector":"CyMm+xODxnd+P5PzW0Q8ZU.1","action":"SyncServerConnectionManagerRequest", "result":"SYNC_SERVER_OK", "context":{"environment":"48F630A6-CB1B-4CC7-86AF-0F6627234B58", "server":"AM3PEPF00000995"}}
{"logTime":"0530/171952","correlationVector":"Tz3im1a26VJe+FdqH/ltUz","action":"Initial GetUpdates", "result":""}
{"logTime":"0530/171952","correlationVector":"Tz3im1a26VJe+FdqH/ltUz.2","action":"GetUpdates Response", "result":"SERVER_MORE_TO_DOWNLOAD"}
{"logTime":"0530/171952","correlationVector":"CyMm+xODxnd+P5PzW0Q8ZU","action":"Initial GetUpdates", "result":""}
{"logTime":"0530/171952","correlationVector":"CyMm+xODxnd+P5PzW0Q8ZU.2","action":"GetUpdates Response", "result":"SYNCER_OK"}
{"logTime":"0530/171952","correlationVector":"Vt1mrG0gY62YF9+bpmXKsN","action":"SyncServerConnectionManagerRequest", "result":"SYNC_SERVER_OK", "context":{"environment":"", "server":""}}
{"logTime":"0530/171952","correlationVector":"PBYuXYqa5k5U4kYHxZQrId","action":"Normal GetUpdate request", "result":""}
{"logTime":"0530/171952","correlationVector":"PBYuXYqa5k5U4kYHxZQrId.1","action":"SyncServerConnectionManagerRequest", "result":"SYNC_SERVER_OK", "context":{"environment":"48F630A6-CB1B-4CC7-86AF-0F6627234B58", "server":"AM3PEPF00000995"}}
{"logTime":"0530/171952","correlationVector":"PBYuXYqa5k5U4kYHxZQrId.2","action":"GetUpdates Response", "result":"SYNCER_OK"}
{"logTime":"0530/171952","correlationVector":"UpdXJaN7Y3kVasB17UDqAb","action":"Normal GetUpdate request", "result":""}
{"logTime":"0530/171952","correlationVector":"UpdXJaN7Y3kVasB17UDqAb.1","action":"SyncServerConnectionManagerRequest", "result":"SYNC_SERVER_OK", "context":{"environment":"48F630A6-CB1B-4CC7-86AF-0F6627234B58", "server":"AM3PEPF00000995"}}
{"logTime":"0530/171952","correlationVector":"UpdXJaN7Y3kVasB17UDqAb.2","action":"GetUpdates Response", "result":"SYNCER_OK"}
{"logTime":"0530/173354","correlationVector":"JgAra/fFX3PWL1qdQF5vc6.0","action":"FeedSettingFetch_homeCloud", "result":"0", "context":{}}
{"logTime":"0530/173355","correlationVector":"sEg2warieFbKdZv0uNZBmn.1","action":"SyncServerConnectionManagerRequest", "result":"SYNC_SERVER_OK", "context":{"environment":"48F630A6-CB1B-4CC7-86AF-0F6627234B58", "server":"AM3PEPF00000999"}}
{"logTime":"0530/173355","correlationVector":"V5TyMYvifzjALPYFt/D7Lx.1","action":"SyncServerConnectionManagerRequest", "result":"SYNC_SERVER_OK", "context":{"environment":"48F630A6-CB1B-4CC7-86AF-0F6627234B58", "server":"AM3PEPF00000999"}}
{"logTime":"0530/173355","correlationVector":"sEg2warieFbKdZv0uNZBmn","action":"Initial GetUpdates", "result":""}
{"logTime":"0530/173355","correlationVector":"sEg2warieFbKdZv0uNZBmn.2","action":"GetUpdates Response", "result":"SERVER_MORE_TO_DOWNLOAD"}
{"logTime":"0530/173355","correlationVector":"V5TyMYvifzjALPYFt/D7Lx","action":"Initial GetUpdates", "result":""}
{"logTime":"0530/173355","correlationVector":"V5TyMYvifzjALPYFt/D7Lx.2","action":"GetUpdates Response", "result":"SYNCER_OK"}
{"logTime":"0530/173355","correlationVector":"bf2FjTxhQfoymucmNT71rw","action":"SyncServerConnectionManagerRequest", "result":"SYNC_SERVER_OK", "context":{"environment":"", "server":""}}
{"logTime":"0530/173355","correlationVector":"4JWAWlSh1OtCRKOEvCC5iS","action":"Normal GetUpdate request", "result":""}
{"logTime":"0530/173356","correlationVector":"4JWAWlSh1OtCRKOEvCC5iS.1","action":"SyncServerConnectionManagerRequest", "result":"SYNC_SERVER_OK", "context":{"environment":"48F630A6-CB1B-4CC7-86AF-0F6627234B58", "server":"AM3PEPF00000999"}}
{"logTime":"0530/173356","correlationVector":"4JWAWlSh1OtCRKOEvCC5iS.2","action":"GetUpdates Response", "result":"SYNCER_OK"}
{"logTime":"0530/173356","correlationVector":"t7W1rZUNtRma5Az3hxHUe+","action":"Normal GetUpdate request", "result":""}
{"logTime":"0530/173356","correlationVector":"t7W1rZUNtRma5Az3hxHUe+.1","action":"SyncServerConnectionManagerRequest", "result":"SYNC_SERVER_OK", "context":{"environment":"48F630A6-CB1B-4CC7-86AF-0F6627234B58", "server":"AM3PEPF00000999"}}
{"logTime":"0530/173356","correlationVector":"t7W1rZUNtRma5Az3hxHUe+.2","action":"GetUpdates Response", "result":"SYNCER_OK"}
{"logTime":"0530/173606","correlationVector":"Fzf1E507kZMWnDNWDdXY+q.0","action":"FeedSettingFetch_homeCloud", "result":"0", "context":{}}
{"logTime":"0530/173606","correlationVector":"qXk9H24PmbAe4UI7R6dfYU.1","action":"SyncServerConnectionManagerRequest", "result":"SYNC_SERVER_OK", "context":{"environment":"48F630A6-CB1B-4CC7-86AF-0F6627234B58", "server":"AM3PEPF00000978"}}
{"logTime":"0530/173607","correlationVector":"30bSsGu4uzXVJlxPgRTo22.1","action":"SyncServerConnectionManagerRequest", "result":"SYNC_SERVER_OK", "context":{"environment":"48F630A6-CB1B-4CC7-86AF-0F6627234B58", "server":"AM3PEPF00000978"}}
{"logTime":"0530/173607","correlationVector":"qXk9H24PmbAe4UI7R6dfYU","action":"Initial GetUpdates", "result":""}
{"logTime":"0530/173607","correlationVector":"qXk9H24PmbAe4UI7R6dfYU.2","action":"GetUpdates Response", "result":"SERVER_MORE_TO_DOWNLOAD"}
{"logTime":"0530/173607","correlationVector":"30bSsGu4uzXVJlxPgRTo22","action":"Initial GetUpdates", "result":""}
{"logTime":"0530/173607","correlationVector":"30bSsGu4uzXVJlxPgRTo22.2","action":"GetUpdates Response", "result":"SYNCER_OK"}
{"logTime":"0530/173607","correlationVector":"GLE/0lB6agQwr0NHjgTgug","action":"SyncServerConnectionManagerRequest", "result":"SYNC_SERVER_OK", "context":{"environment":"", "server":""}}
{"logTime":"0530/173607","correlationVector":"fmgOfJDPfr2LlDv/7IfPiA","action":"Normal GetUpdate request", "result":""}
{"logTime":"0530/173607","correlationVector":"fmgOfJDPfr2LlDv/7IfPiA.1","action":"SyncServerConnectionManagerRequest", "result":"SYNC_SERVER_OK", "context":{"environment":"48F630A6-CB1B-4CC7-86AF-0F6627234B58", "server":"AM3PEPF00000978"}}
{"logTime":"0530/173607","correlationVector":"fmgOfJDPfr2LlDv/7IfPiA.2","action":"GetUpdates Response", "result":"SYNCER_OK"}
{"logTime":"0530/173607","correlationVector":"YmzYdTHfEIKu4WQJeq8Fl6","action":"Normal GetUpdate request", "result":""}
{"logTime":"0530/173607","correlationVector":"YmzYdTHfEIKu4WQJeq8Fl6.1","action":"SyncServerConnectionManagerRequest", "result":"SYNC_SERVER_OK", "context":{"environment":"48F630A6-CB1B-4CC7-86AF-0F6627234B58", "server":"AM3PEPF00000978"}}
{"logTime":"0530/173607","correlationVector":"YmzYdTHfEIKu4WQJeq8Fl6.2","action":"GetUpdates Response", "result":"SYNCER_OK"}
{"logTime":"0530/183718","correlationVector":"1o8Z1L4CxAeh254wI8fO5E.0","action":"FeedSettingFetch_homeCloud", "result":"0", "context":{}}
{"logTime":"0530/183718","correlationVector":"3NCGjDWWsXLvU3oTWwHFQR.1","action":"SyncServerConnectionManagerRequest", "result":"SYNC_SERVER_OK", "context":{"environment":"48F630A6-CB1B-4CC7-86AF-0F6627234B58", "server":"AM3PEPF00000972"}}
{"logTime":"0530/183718","correlationVector":"PqAZeZZpq2nRvUpRMRtQe2.1","action":"SyncServerConnectionManagerRequest", "result":"SYNC_SERVER_OK", "context":{"environment":"48F630A6-CB1B-4CC7-86AF-0F6627234B58", "server":"AM3PEPF00000972"}}
{"logTime":"0530/183718","correlationVector":"3NCGjDWWsXLvU3oTWwHFQR","action":"Initial GetUpdates", "result":""}
{"logTime":"0530/183718","correlationVector":"3NCGjDWWsXLvU3oTWwHFQR.2","action":"GetUpdates Response", "result":"SERVER_MORE_TO_DOWNLOAD"}
{"logTime":"0530/183718","correlationVector":"PqAZeZZpq2nRvUpRMRtQe2","action":"Initial GetUpdates", "result":""}
{"logTime":"0530/183718","correlationVector":"PqAZeZZpq2nRvUpRMRtQe2.2","action":"GetUpdates Response", "result":"SYNCER_OK"}
{"logTime":"0530/183718","correlationVector":"WopHiSnm3uGjAbMT1grc+6","action":"Normal GetUpdate request", "result":""}
{"logTime":"0530/183718","correlationVector":"WopHiSnm3uGjAbMT1grc+6.1","action":"SyncServerConnectionManagerRequest", "result":"SYNC_SERVER_OK", "context":{"environment":"48F630A6-CB1B-4CC7-86AF-0F6627234B58", "server":"AM3PEPF00000972"}}
{"logTime":"0530/183718","correlationVector":"WopHiSnm3uGjAbMT1grc+6.2","action":"GetUpdates Response", "result":"SYNCER_OK"}
{"logTime":"0530/184629","correlationVector":"rDe9TUHYVTHF4JnWgIHxz5.0","action":"FeedSettingFetch_homeCloud", "result":"0", "context":{}}
{"logTime":"0530/184630","correlationVector":"3eUwHKhGlZe8EQ30Ratw+B.1","action":"SyncServerConnectionManagerRequest", "result":"SYNC_SERVER_OK", "context":{"environment":"48F630A6-CB1B-4CC7-86AF-0F6627234B58", "server":"AM3PEPF00000972"}}
{"logTime":"0530/184630","correlationVector":"Jwu3AMUzunb1GGm0MK3bvb.1","action":"SyncServerConnectionManagerRequest", "result":"SYNC_SERVER_OK", "context":{"environment":"48F630A6-CB1B-4CC7-86AF-0F6627234B58", "server":"AM3PEPF00000972"}}
{"logTime":"0530/184630","correlationVector":"3eUwHKhGlZe8EQ30Ratw+B","action":"Initial GetUpdates", "result":""}
{"logTime":"0530/184630","correlationVector":"3eUwHKhGlZe8EQ30Ratw+B.2","action":"GetUpdates Response", "result":"SERVER_MORE_TO_DOWNLOAD"}
{"logTime":"0530/184630","correlationVector":"Jwu3AMUzunb1GGm0MK3bvb","action":"Initial GetUpdates", "result":""}
{"logTime":"0530/184630","correlationVector":"Jwu3AMUzunb1GGm0MK3bvb.2","action":"GetUpdates Response", "result":"SYNCER_OK"}
{"logTime":"0530/184630","correlationVector":"8yzGjovV5C2bFxaP/osY74","action":"SyncServerConnectionManagerRequest", "result":"SYNC_SERVER_OK", "context":{"environment":"", "server":""}}
{"logTime":"0530/184630","correlationVector":"5nVzGVB+Fayvpxy/EqkDdd","action":"Normal GetUpdate request", "result":""}
{"logTime":"0530/184630","correlationVector":"5nVzGVB+Fayvpxy/EqkDdd.1","action":"SyncServerConnectionManagerRequest", "result":"SYNC_SERVER_OK", "context":{"environment":"48F630A6-CB1B-4CC7-86AF-0F6627234B58", "server":"AM3PEPF00000972"}}
{"logTime":"0530/184630","correlationVector":"5nVzGVB+Fayvpxy/EqkDdd.2","action":"GetUpdates Response", "result":"SYNCER_OK"}
{"logTime":"0530/184630","correlationVector":"neYhFEB92FXW8Mk5NxXjg0","action":"Normal GetUpdate request", "result":""}
{"logTime":"0530/184630","correlationVector":"neYhFEB92FXW8Mk5NxXjg0.1","action":"SyncServerConnectionManagerRequest", "result":"SYNC_SERVER_OK", "context":{"environment":"48F630A6-CB1B-4CC7-86AF-0F6627234B58", "server":"AM3PEPF00000972"}}
{"logTime":"0530/184630","correlationVector":"neYhFEB92FXW8Mk5NxXjg0.2","action":"GetUpdates Response", "result":"SYNCER_OK"}
{"logTime":"0530/185510","correlationVector":"ZL8W7pSYDgzrSqGZ2cWq+k.0","action":"FeedSettingFetch_homeCloud", "result":"0", "context":{}}
{"logTime":"0530/185510","correlationVector":"kYFIk3DCtpD/fpGWwQA3S3.1","action":"SyncServerConnectionManagerRequest", "result":"SYNC_SERVER_OK", "context":{"environment":"48F630A6-CB1B-4CC7-86AF-0F6627234B58", "server":"AM3PEPF00000973"}}
{"logTime":"0530/185511","correlationVector":"i6H8mzx4DgJ/HPdgnXAXnJ.1","action":"SyncServerConnectionManagerRequest", "result":"SYNC_SERVER_OK", "context":{"environment":"48F630A6-CB1B-4CC7-86AF-0F6627234B58", "server":"AM3PEPF00000973"}}
{"logTime":"0530/185511","correlationVector":"kYFIk3DCtpD/fpGWwQA3S3","action":"Initial GetUpdates", "result":""}
{"logTime":"0530/185511","correlationVector":"kYFIk3DCtpD/fpGWwQA3S3.2","action":"GetUpdates Response", "result":"SERVER_MORE_TO_DOWNLOAD"}
{"logTime":"0530/185511","correlationVector":"i6H8mzx4DgJ/HPdgnXAXnJ","action":"Initial GetUpdates", "result":""}
{"logTime":"0530/185511","correlationVector":"i6H8mzx4DgJ/HPdgnXAXnJ.2","action":"GetUpdates Response", "result":"SYNCER_OK"}
{"logTime":"0530/185511","correlationVector":"nsSexNd+83ZSg0IRF8lMXQ","action":"SyncServerConnectionManagerRequest", "result":"SYNC_SERVER_OK", "context":{"environment":"", "server":""}}
{"logTime":"0530/185511","correlationVector":"3EX9fHIOSWVRfigz83Dm6v","action":"Normal GetUpdate request", "result":""}
{"logTime":"0530/185512","correlationVector":"3EX9fHIOSWVRfigz83Dm6v.1","action":"SyncServerConnectionManagerRequest", "result":"SYNC_SERVER_OK", "context":{"environment":"48F630A6-CB1B-4CC7-86AF-0F6627234B58", "server":"AM3PEPF00000973"}}
{"logTime":"0530/185512","correlationVector":"3EX9fHIOSWVRfigz83Dm6v.2","action":"GetUpdates Response", "result":"SYNCER_OK"}
{"logTime":"0530/185512","correlationVector":"ui5a98AB1oLQeIxW7oqXip","action":"Normal GetUpdate request", "result":""}
{"logTime":"0530/185512","correlationVector":"ui5a98AB1oLQeIxW7oqXip.1","action":"SyncServerConnectionManagerRequest", "result":"SYNC_SERVER_OK", "context":{"environment":"48F630A6-CB1B-4CC7-86AF-0F6627234B58", "server":"AM3PEPF00000973"}}
{"logTime":"0530/185512","correlationVector":"ui5a98AB1oLQeIxW7oqXip.2","action":"GetUpdates Response", "result":"SYNCER_OK"}
{"logTime":"0530/190656","correlationVector":"5x6pba1crfNZFbZwIKp+G4.0","action":"FeedSettingFetch_homeCloud", "result":"0", "context":{}}
{"logTime":"0530/190656","correlationVector":"3pOLLZ4yhONH+2R7pRlviM.1","action":"SyncServerConnectionManagerRequest", "result":"SYNC_SERVER_OK", "context":{"environment":"48F630A6-CB1B-4CC7-86AF-0F6627234B58", "server":"AM3PEPF0000099E"}}
{"logTime":"0530/190656","correlationVector":"L6QO2JGN8Iyb60QtBeFwP+.1","action":"SyncServerConnectionManagerRequest", "result":"SYNC_SERVER_OK", "context":{"environment":"48F630A6-CB1B-4CC7-86AF-0F6627234B58", "server":"AM3PEPF0000099E"}}
{"logTime":"0530/190656","correlationVector":"3pOLLZ4yhONH+2R7pRlviM","action":"Initial GetUpdates", "result":""}
{"logTime":"0530/190656","correlationVector":"3pOLLZ4yhONH+2R7pRlviM.2","action":"GetUpdates Response", "result":"SERVER_MORE_TO_DOWNLOAD"}
{"logTime":"0530/190656","correlationVector":"L6QO2JGN8Iyb60QtBeFwP+","action":"Initial GetUpdates", "result":""}
{"logTime":"0530/190656","correlationVector":"L6QO2JGN8Iyb60QtBeFwP+.2","action":"GetUpdates Response", "result":"SYNCER_OK"}
{"logTime":"0530/190657","correlationVector":"uoU84Hin9KjQSRVz7n4s5s","action":"SyncServerConnectionManagerRequest", "result":"SYNC_SERVER_OK", "context":{"environment":"", "server":""}}
{"logTime":"0530/190657","correlationVector":"85pCMC7ejaOX06aIwil2hD","action":"Normal GetUpdate request", "result":""}
{"logTime":"0530/190657","correlationVector":"85pCMC7ejaOX06aIwil2hD.1","action":"SyncServerConnectionManagerRequest", "result":"SYNC_SERVER_OK", "context":{"environment":"48F630A6-CB1B-4CC7-86AF-0F6627234B58", "server":"AM3PEPF0000099E"}}
{"logTime":"0530/190657","correlationVector":"85pCMC7ejaOX06aIwil2hD.2","action":"GetUpdates Response", "result":"SYNCER_OK"}
{"logTime":"0530/190657","correlationVector":"1pSZIGOELlL824iTAn8Uib","action":"Normal GetUpdate request", "result":""}
{"logTime":"0530/190657","correlationVector":"1pSZIGOELlL824iTAn8Uib.1","action":"SyncServerConnectionManagerRequest", "result":"SYNC_SERVER_OK", "context":{"environment":"48F630A6-CB1B-4CC7-86AF-0F6627234B58", "server":"AM3PEPF0000099E"}}
{"logTime":"0530/190657","correlationVector":"1pSZIGOELlL824iTAn8Uib.2","action":"GetUpdates Response", "result":"SYNCER_OK"}
{"logTime":"0612/183134","correlationVector":"UFXYZnSAkPfG69CoFaCnyH.0","action":"FeedSettingFetch_homeCloud", "result":"0", "context":{}}
{"logTime":"0612/183134","correlationVector":"Hlo85sQiTDASzxma7dluTn.1","action":"SyncServerConnectionManagerRequest", "result":"SYNC_SERVER_OK", "context":{"environment":"48F630A6-CB1B-4CC7-86AF-0F6627234B58", "server":"AM3PEPF000009AC"}}
{"logTime":"0612/183134","correlationVector":"x4G4DIXlVTTo4hhyzKroud.1","action":"SyncServerConnectionManagerRequest", "result":"SYNC_SERVER_OK", "context":{"environment":"48F630A6-CB1B-4CC7-86AF-0F6627234B58", "server":"AM3PEPF000009AC"}}
{"logTime":"0612/183134","correlationVector":"Hlo85sQiTDASzxma7dluTn","action":"Initial GetUpdates", "result":""}
{"logTime":"0612/183134","correlationVector":"Hlo85sQiTDASzxma7dluTn.2","action":"GetUpdates Response", "result":"SERVER_MORE_TO_DOWNLOAD"}
{"logTime":"0612/183134","correlationVector":"x4G4DIXlVTTo4hhyzKroud","action":"Initial GetUpdates", "result":""}
{"logTime":"0612/183134","correlationVector":"x4G4DIXlVTTo4hhyzKroud.2","action":"GetUpdates Response", "result":"SYNCER_OK"}
{"logTime":"0612/183135","correlationVector":"0uFDM5wDKYq+8CRavMWMDM","action":"SyncServerConnectionManagerRequest", "result":"SYNC_SERVER_OK", "context":{"environment":"", "server":""}}
{"logTime":"0612/183135","correlationVector":"MkUldWJ/ax65JKIRd7xMjX","action":"Normal GetUpdate request", "result":""}
{"logTime":"0612/183135","correlationVector":"MkUldWJ/ax65JKIRd7xMjX.1","action":"SyncServerConnectionManagerRequest", "result":"SYNC_SERVER_OK", "context":{"environment":"48F630A6-CB1B-4CC7-86AF-0F6627234B58", "server":"AM3PEPF000009AC"}}
{"logTime":"0612/183135","correlationVector":"MkUldWJ/ax65JKIRd7xMjX.2","action":"GetUpdates Response", "result":"SERVER_MORE_TO_DOWNLOAD"}
{"logTime":"0612/183135","correlationVector":"B/MkeGikHV7YTHbE6Qtc7y","action":"Normal GetUpdate request", "result":""}
{"logTime":"0612/183135","correlationVector":"B/MkeGikHV7YTHbE6Qtc7y.1","action":"SyncServerConnectionManagerRequest", "result":"SYNC_SERVER_OK", "context":{"environment":"48F630A6-CB1B-4CC7-86AF-0F6627234B58", "server":"AM3PEPF000009AC"}}
{"logTime":"0612/183135","correlationVector":"B/MkeGikHV7YTHbE6Qtc7y.2","action":"GetUpdates Response", "result":"SYNCER_OK"}
{"logTime":"0612/183135","correlationVector":"ZOYlr9930sr+sGmrgWoczX","action":"Normal GetUpdate request", "result":""}
{"logTime":"0612/183135","correlationVector":"ZOYlr9930sr+sGmrgWoczX.1","action":"SyncServerConnectionManagerRequest", "result":"SYNC_SERVER_OK", "context":{"environment":"48F630A6-CB1B-4CC7-86AF-0F6627234B58", "server":"AM3PEPF000009AC"}}
{"logTime":"0612/183135","correlationVector":"ZOYlr9930sr+sGmrgWoczX.2","action":"GetUpdates Response", "result":"SERVER_MORE_TO_DOWNLOAD"}
{"logTime":"0612/183135","correlationVector":"RQNOB/R+75Q4zAb8+cP4k2","action":"Normal GetUpdate request", "result":""}
{"logTime":"0612/183135","correlationVector":"RQNOB/R+75Q4zAb8+cP4k2.1","action":"SyncServerConnectionManagerRequest", "result":"SYNC_SERVER_OK", "context":{"environment":"48F630A6-CB1B-4CC7-86AF-0F6627234B58", "server":"AM3PEPF000009AC"}}
{"logTime":"0612/183135","correlationVector":"RQNOB/R+75Q4zAb8+cP4k2.2","action":"GetUpdates Response", "result":"SYNCER_OK"}
{"logTime":"0621/162919","correlationVector":"y4uwGYTWufRJ8Jt+VUTI6Z.0","action":"FeedSettingFetch_homeCloud", "result":"0", "context":{}}
{"logTime":"0621/162919","correlationVector":"sA/TnR45YiJFIyOEIexIGK.1","action":"SyncServerConnectionManagerRequest", "result":"SYNC_SERVER_OK", "context":{"environment":"48F630A6-CB1B-4CC7-86AF-0F6627234B58", "server":"AM3PEPF0000098D"}}
{"logTime":"0621/162919","correlationVector":"MzMDrDI7EEoDFiRwEDf2tT.1","action":"SyncServerConnectionManagerRequest", "result":"SYNC_SERVER_OK", "context":{"environment":"48F630A6-CB1B-4CC7-86AF-0F6627234B58", "server":"AM3PEPF0000098D"}}
{"logTime":"0621/162919","correlationVector":"sA/TnR45YiJFIyOEIexIGK","action":"Initial GetUpdates", "result":""}
{"logTime":"0621/162919","correlationVector":"sA/TnR45YiJFIyOEIexIGK.2","action":"GetUpdates Response", "result":"SERVER_MORE_TO_DOWNLOAD"}
{"logTime":"0621/162919","correlationVector":"MzMDrDI7EEoDFiRwEDf2tT","action":"Initial GetUpdates", "result":""}
{"logTime":"0621/162919","correlationVector":"MzMDrDI7EEoDFiRwEDf2tT.2","action":"GetUpdates Response", "result":"SYNCER_OK"}
{"logTime":"0621/162919","correlationVector":"9ba/qHTzwG4YG/5kKpinzD","action":"Normal GetUpdate request", "result":""}
{"logTime":"0621/162919","correlationVector":"9ba/qHTzwG4YG/5kKpinzD.1","action":"SyncServerConnectionManagerRequest", "result":"SYNC_SERVER_OK", "context":{"environment":"48F630A6-CB1B-4CC7-86AF-0F6627234B58", "server":"AM3PEPF0000098D"}}
{"logTime":"0621/162919","correlationVector":"9ba/qHTzwG4YG/5kKpinzD.2","action":"GetUpdates Response", "result":"SERVER_MORE_TO_DOWNLOAD"}
{"logTime":"0621/162919","correlationVector":"I+uut/FCZU5PUXOKzrsgxf","action":"Normal GetUpdate request", "result":""}
{"logTime":"0621/162919","correlationVector":"I+uut/FCZU5PUXOKzrsgxf.1","action":"SyncServerConnectionManagerRequest", "result":"SYNC_SERVER_OK", "context":{"environment":"48F630A6-CB1B-4CC7-86AF-0F6627234B58", "server":"AM3PEPF0000098D"}}
{"logTime":"0621/162919","correlationVector":"I+uut/FCZU5PUXOKzrsgxf.2","action":"GetUpdates Response", "result":"SYNCER_OK"}
{"logTime":"0621/163030","correlationVector":"iBGO/9RK5Y5HBySrT1Q1LP","action":"SyncServerConnectionManagerRequest", "result":"SYNC_SERVER_OK", "context":{"environment":"", "server":""}}
{"logTime":"0621/163030","correlationVector":"WPpPGVD07ye/4C08ETmpYu","action":"Poll GetUpdate request", "result":""}
{"logTime":"0621/163030","correlationVector":"WPpPGVD07ye/4C08ETmpYu.1","action":"SyncServerConnectionManagerRequest", "result":"SYNC_SERVER_OK", "context":{"environment":"48F630A6-CB1B-4CC7-86AF-0F6627234B58", "server":"AM3PEPF0000098D"}}
{"logTime":"0621/163030","correlationVector":"WPpPGVD07ye/4C08ETmpYu.2","action":"GetUpdates Response", "result":"SYNCER_OK"}
{"logTime":"0621/163030","correlationVector":"2Jr30o36Q4waWlIgKi6pro","action":"Normal GetUpdate request", "result":""}
{"logTime":"0621/163030","correlationVector":"2Jr30o36Q4waWlIgKi6pro.1","action":"SyncServerConnectionManagerRequest", "result":"SYNC_SERVER_OK", "context":{"environment":"48F630A6-CB1B-4CC7-86AF-0F6627234B58", "server":"AM3PEPF0000098D"}}
{"logTime":"0621/163030","correlationVector":"2Jr30o36Q4waWlIgKi6pro.2","action":"GetUpdates Response", "result":"SERVER_MORE_TO_DOWNLOAD"}
{"logTime":"0621/163030","correlationVector":"6qQHe3OCmNleZ3FOjKSLNV","action":"Normal GetUpdate request", "result":""}
{"logTime":"0621/163030","correlationVector":"6qQHe3OCmNleZ3FOjKSLNV.1","action":"SyncServerConnectionManagerRequest", "result":"SYNC_SERVER_OK", "context":{"environment":"48F630A6-CB1B-4CC7-86AF-0F6627234B58", "server":"AM3PEPF0000098D"}}
{"logTime":"0621/163030","correlationVector":"6qQHe3OCmNleZ3FOjKSLNV.2","action":"GetUpdates Response", "result":"SYNCER_OK"}
{"logTime":"0621/164407","correlationVector":"zDgOx578XkqkUu4Qx7VzWG.0","action":"FeedSettingFetch_homeCloud", "result":"0", "context":{}}
{"logTime":"0621/164408","correlationVector":"0VAm+IlWancGrk8MRZ4x6i.1","action":"SyncServerConnectionManagerRequest", "result":"SYNC_SERVER_OK", "context":{"environment":"48F630A6-CB1B-4CC7-86AF-0F6627234B58", "server":"AM3PEPF00000970"}}
{"logTime":"0621/164408","correlationVector":"m7I9nhvpQLrIIRX5Pcot6/.1","action":"SyncServerConnectionManagerRequest", "result":"SYNC_SERVER_OK", "context":{"environment":"48F630A6-CB1B-4CC7-86AF-0F6627234B58", "server":"AM3PEPF00000970"}}
{"logTime":"0621/164408","correlationVector":"0VAm+IlWancGrk8MRZ4x6i","action":"Initial GetUpdates", "result":""}
{"logTime":"0621/164408","correlationVector":"0VAm+IlWancGrk8MRZ4x6i.2","action":"GetUpdates Response", "result":"SERVER_MORE_TO_DOWNLOAD"}
{"logTime":"0621/164408","correlationVector":"m7I9nhvpQLrIIRX5Pcot6/","action":"Initial GetUpdates", "result":""}
{"logTime":"0621/164408","correlationVector":"m7I9nhvpQLrIIRX5Pcot6/.2","action":"GetUpdates Response", "result":"SYNCER_OK"}
{"logTime":"0621/164408","correlationVector":"jW85tLLt+VFVo2qcA5DgH2","action":"SyncServerConnectionManagerRequest", "result":"SYNC_SERVER_OK", "context":{"environment":"", "server":""}}
{"logTime":"0621/164408","correlationVector":"Lnir6wyXPHor6Q+xu0ALom","action":"Normal GetUpdate request", "result":""}
{"logTime":"0621/164408","correlationVector":"Lnir6wyXPHor6Q+xu0ALom.1","action":"SyncServerConnectionManagerRequest", "result":"SYNC_SERVER_OK", "context":{"environment":"48F630A6-CB1B-4CC7-86AF-0F6627234B58", "server":"AM3PEPF00000970"}}
{"logTime":"0621/164408","correlationVector":"Lnir6wyXPHor6Q+xu0ALom.2","action":"GetUpdates Response", "result":"SERVER_MORE_TO_DOWNLOAD"}
{"logTime":"0621/164408","correlationVector":"1k8M5F9cqXxvah1usnjNLX","action":"Normal GetUpdate request", "result":""}
{"logTime":"0621/164408","correlationVector":"1k8M5F9cqXxvah1usnjNLX.1","action":"SyncServerConnectionManagerRequest", "result":"SYNC_SERVER_OK", "context":{"environment":"48F630A6-CB1B-4CC7-86AF-0F6627234B58", "server":"AM3PEPF00000970"}}
{"logTime":"0621/164408","correlationVector":"1k8M5F9cqXxvah1usnjNLX.2","action":"GetUpdates Response", "result":"SYNCER_OK"}
{"logTime":"0621/164408","correlationVector":"V7UZ/kES21reTTPFqEzKBv","action":"Normal GetUpdate request", "result":""}
{"logTime":"0621/164408","correlationVector":"V7UZ/kES21reTTPFqEzKBv.1","action":"SyncServerConnectionManagerRequest", "result":"SYNC_SERVER_OK", "context":{"environment":"48F630A6-CB1B-4CC7-86AF-0F6627234B58", "server":"AM3PEPF00000970"}}
{"logTime": "1017/153746", "correlationVector":"SdULQ9ZO8QFRiyQC5QxKyh.2","action":"GetUpdates Response", "result":"SYNCER_OK"}
{"logTime": "1207/220948", "correlationVector":"u7fkiQU3fkIbsNrkwUMBEa.0","action":"FeedSettingFetch_homeCloud", "result":"0", "context":"{}"}
{"logTime": "1207/220948", "correlationVector":"hbjfmGju1zqMFIId3nvL8L.1","action":"SyncServerConnectionManagerRequest", "result":"SYNC_SERVER_OK", "context":"{"environment":"48F630A6-CB1B-4CC7-86AF-0F6627234B58", "server":"AM3PEPF0000096D"}"}
{"logTime": "1207/220948", "correlationVector":"T1yBnPN36cALNHsGJQ2PKq.1","action":"SyncServerConnectionManagerRequest", "result":"SYNC_SERVER_OK", "context":"{"environment":"48F630A6-CB1B-4CC7-86AF-0F6627234B58", "server":"AM3PEPF0000096D"}"}
{"logTime": "1207/220948", "correlationVector":"hbjfmGju1zqMFIId3nvL8L","action":"Initial GetUpdates", "result":""}
{"logTime": "1207/220948", "correlationVector":"hbjfmGju1zqMFIId3nvL8L.2","action":"GetUpdates Response", "result":"SERVER_MORE_TO_DOWNLOAD"}
{"logTime": "1207/220948", "correlationVector":"T1yBnPN36cALNHsGJQ2PKq","action":"Initial GetUpdates", "result":""}
{"logTime": "1207/220948", "correlationVector":"T1yBnPN36cALNHsGJQ2PKq.2","action":"GetUpdates Response", "result":"SYNCER_OK"}
{"logTime": "1207/220948", "correlationVector":"id4KZTdDQvkMU7Fk+rhaUn","action":"SyncServerConnectionManagerRequest", "result":"SYNC_SERVER_OK", "context":"{"environment":"", "server":""}"}
{"logTime": "1207/220948", "correlationVector":"YYi3w93yWiU0bhMrY+slJo","action":"Normal GetUpdate request", "result":""}
{"logTime": "1207/220948", "correlationVector":"YYi3w93yWiU0bhMrY+slJo.1","action":"SyncServerConnectionManagerRequest", "result":"SYNC_SERVER_OK", "context":"{"environment":"48F630A6-CB1B-4CC7-86AF-0F6627234B58", "server":"AM3PEPF0000096D"}"}
{"logTime": "1207/220948", "correlationVector":"YYi3w93yWiU0bhMrY+slJo.2","action":"GetUpdates Response", "result":"SERVER_MORE_TO_DOWNLOAD"}
{"logTime": "1207/220948", "correlationVector":"/ars2Ho8E3qOPWxXJL8Cu4","action":"Normal GetUpdate request", "result":""}
{"logTime": "1207/220948", "correlationVector":"/ars2Ho8E3qOPWxXJL8Cu4.1","action":"SyncServerConnectionManagerRequest", "result":"SYNC_SERVER_OK", "context":"{"environment":"48F630A6-CB1B-4CC7-86AF-0F6627234B58", "server":"AM3PEPF0000096D"}"}
{"logTime": "1207/220948", "correlationVector":"/ars2Ho8E3qOPWxXJL8Cu4.2","action":"GetUpdates Response", "result":"SYNCER_OK"}
{"logTime": "1207/220948", "correlationVector":"uVJfXjLXGwKaa+cdNt3Fzf","action":"Commit Request", "result":""}
{"logTime": "1207/220948", "correlationVector":"uVJfXjLXGwKaa+cdNt3Fzf.1","action":"SyncServerConnectionManagerRequest", "result":"SYNC_SERVER_OK", "context":"{"environment":"48F630A6-CB1B-4CC7-86AF-0F6627234B58", "server":"AM3PEPF0000096D"}"}
{"logTime": "1207/220948", "correlationVector":"uVJfXjLXGwKaa+cdNt3Fzf.2","action":"Commit Response", "result":"SYNCER_OK"}
{"logTime": "1207/220948", "correlationVector":"3i6YD6XLiqhQEfpfONtbRh","action":"Normal GetUpdate request", "result":""}
{"logTime": "1207/220948", "correlationVector":"3i6YD6XLiqhQEfpfONtbRh.1","action":"SyncServerConnectionManagerRequest", "result":"SYNC_SERVER_OK", "context":"{"environment":"48F630A6-CB1B-4CC7-86AF-0F6627234B58", "server":"AM3PEPF0000096D"}"}
{"logTime": "1207/220948", "correlationVector":"3i6YD6XLiqhQEfpfONtbRh.2","action":"GetUpdates Response", "result":"SYNCER_OK"}
